[0.136s] DEBUG:colcon:Command line arguments: ['/usr/bin/colcon', 'build']
[0.136s] DEBUG:colcon:Parsed command line arguments: Namespace(allow_overriding=[], ament_cmake_args=None, base_paths=['.'], build_base='build', catkin_cmake_args=None, catkin_skip_building_tests=False, cmake_args=None, cmake_clean_cache=False, cmake_clean_first=False, cmake_force_configure=False, cmake_target=None, cmake_target_skip_unavailable=False, continue_on_error=False, event_handlers=None, executor='parallel', ignore_user_meta=False, install_base='install', log_base=None, log_level=None, main=<bound method BuildVerb.main of <colcon_core.verb.build.BuildVerb object at 0x7f9dbb11ea00>>, merge_install=False, metas=['./colcon.meta'], packages_above=None, packages_above_and_dependencies=None, packages_above_depth=None, packages_end=None, packages_ignore=None, packages_ignore_regex=None, packages_select=None, packages_select_build_failed=False, packages_select_by_dep=None, packages_select_regex=None, packages_select_test_failures=False, packages_skip=None, packages_skip_build_finished=False, packages_skip_by_dep=None, packages_skip_regex=None, packages_skip_test_passed=False, packages_skip_up_to=None, packages_start=None, packages_up_to=None, packages_up_to_regex=None, parallel_workers=4, paths=None, symlink_install=False, test_result_base=None, verb_extension=<colcon_core.verb.build.BuildVerb object at 0x7f9dbb11ea00>, verb_name='build', verb_parser=<colcon_defaults.argument_parser.defaults.DefaultArgumentsDecorator object at 0x7f9dbb11ef70>)
[0.158s] Level 1:colcon.colcon_core.package_discovery:discover_packages(colcon_meta) check parameters
[0.158s] Level 1:colcon.colcon_core.package_discovery:discover_packages(recursive) check parameters
[0.158s] Level 1:colcon.colcon_core.package_discovery:discover_packages(ignore) check parameters
[0.158s] Level 1:colcon.colcon_core.package_discovery:discover_packages(path) check parameters
[0.158s] Level 1:colcon.colcon_core.package_discovery:discover_packages(colcon_meta) discover
[0.158s] Level 1:colcon.colcon_core.package_discovery:discover_packages(recursive) discover
[0.159s] INFO:colcon.colcon_core.package_discovery:Crawling recursively for packages in '/home/oscell/Documents/GitHub/Robotics-team-design'
[0.159s] Level 1:colcon.colcon_core.package_identification:_identify(.) by extensions ['ignore', 'ignore_ament_install']
[0.159s] Level 1:colcon.colcon_core.package_identification:_identify(.) by extension 'ignore'
[0.159s] Level 1:colcon.colcon_core.package_identification:_identify(.) by extension 'ignore_ament_install'
[0.159s] Level 1:colcon.colcon_core.package_identification:_identify(.) by extensions ['colcon_pkg']
[0.159s] Level 1:colcon.colcon_core.package_identification:_identify(.) by extension 'colcon_pkg'
[0.159s] Level 1:colcon.colcon_core.package_identification:_identify(.) by extensions ['colcon_meta']
[0.159s] Level 1:colcon.colcon_core.package_identification:_identify(.) by extension 'colcon_meta'
[0.159s] Level 1:colcon.colcon_core.package_identification:_identify(.) by extensions ['ros']
[0.159s] Level 1:colcon.colcon_core.package_identification:_identify(.) by extension 'ros'
[0.169s] Level 1:colcon.colcon_core.package_identification:_identify(.) by extensions ['cmake', 'python']
[0.169s] Level 1:colcon.colcon_core.package_identification:_identify(.) by extension 'cmake'
[0.169s] Level 1:colcon.colcon_core.package_identification:_identify(.) by extension 'python'
[0.169s] Level 1:colcon.colcon_core.package_identification:_identify(.) by extensions ['python_setup_py']
[0.169s] Level 1:colcon.colcon_core.package_identification:_identify(.) by extension 'python_setup_py'
[0.169s] Level 1:colcon.colcon_core.package_identification:_identify(Basic_1) by extensions ['ignore', 'ignore_ament_install']
[0.169s] Level 1:colcon.colcon_core.package_identification:_identify(Basic_1) by extension 'ignore'
[0.169s] Level 1:colcon.colcon_core.package_identification:_identify(Basic_1) by extension 'ignore_ament_install'
[0.169s] Level 1:colcon.colcon_core.package_identification:_identify(Basic_1) by extensions ['colcon_pkg']
[0.169s] Level 1:colcon.colcon_core.package_identification:_identify(Basic_1) by extension 'colcon_pkg'
[0.169s] Level 1:colcon.colcon_core.package_identification:_identify(Basic_1) by extensions ['colcon_meta']
[0.169s] Level 1:colcon.colcon_core.package_identification:_identify(Basic_1) by extension 'colcon_meta'
[0.170s] Level 1:colcon.colcon_core.package_identification:_identify(Basic_1) by extensions ['ros']
[0.170s] Level 1:colcon.colcon_core.package_identification:_identify(Basic_1) by extension 'ros'
[0.170s] Level 1:colcon.colcon_core.package_identification:_identify(Basic_1) by extensions ['cmake', 'python']
[0.170s] Level 1:colcon.colcon_core.package_identification:_identify(Basic_1) by extension 'cmake'
[0.170s] Level 1:colcon.colcon_core.package_identification:_identify(Basic_1) by extension 'python'
[0.170s] Level 1:colcon.colcon_core.package_identification:_identify(Basic_1) by extensions ['python_setup_py']
[0.170s] Level 1:colcon.colcon_core.package_identification:_identify(Basic_1) by extension 'python_setup_py'
[0.170s] Level 1:colcon.colcon_core.package_identification:_identify(Basic_1/worlds) by extensions ['ignore', 'ignore_ament_install']
[0.170s] Level 1:colcon.colcon_core.package_identification:_identify(Basic_1/worlds) by extension 'ignore'
[0.170s] Level 1:colcon.colcon_core.package_identification:_identify(Basic_1/worlds) by extension 'ignore_ament_install'
[0.170s] Level 1:colcon.colcon_core.package_identification:_identify(Basic_1/worlds) by extensions ['colcon_pkg']
[0.170s] Level 1:colcon.colcon_core.package_identification:_identify(Basic_1/worlds) by extension 'colcon_pkg'
[0.170s] Level 1:colcon.colcon_core.package_identification:_identify(Basic_1/worlds) by extensions ['colcon_meta']
[0.170s] Level 1:colcon.colcon_core.package_identification:_identify(Basic_1/worlds) by extension 'colcon_meta'
[0.170s] Level 1:colcon.colcon_core.package_identification:_identify(Basic_1/worlds) by extensions ['ros']
[0.170s] Level 1:colcon.colcon_core.package_identification:_identify(Basic_1/worlds) by extension 'ros'
[0.170s] Level 1:colcon.colcon_core.package_identification:_identify(Basic_1/worlds) by extensions ['cmake', 'python']
[0.170s] Level 1:colcon.colcon_core.package_identification:_identify(Basic_1/worlds) by extension 'cmake'
[0.170s] Level 1:colcon.colcon_core.package_identification:_identify(Basic_1/worlds) by extension 'python'
[0.170s] Level 1:colcon.colcon_core.package_identification:_identify(Basic_1/worlds) by extensions ['python_setup_py']
[0.170s] Level 1:colcon.colcon_core.package_identification:_identify(Basic_1/worlds) by extension 'python_setup_py'
[0.171s] Level 1:colcon.colcon_core.package_identification:_identify(Meshes) by extensions ['ignore', 'ignore_ament_install']
[0.171s] Level 1:colcon.colcon_core.package_identification:_identify(Meshes) by extension 'ignore'
[0.171s] Level 1:colcon.colcon_core.package_identification:_identify(Meshes) by extension 'ignore_ament_install'
[0.171s] Level 1:colcon.colcon_core.package_identification:_identify(Meshes) by extensions ['colcon_pkg']
[0.171s] Level 1:colcon.colcon_core.package_identification:_identify(Meshes) by extension 'colcon_pkg'
[0.171s] Level 1:colcon.colcon_core.package_identification:_identify(Meshes) by extensions ['colcon_meta']
[0.171s] Level 1:colcon.colcon_core.package_identification:_identify(Meshes) by extension 'colcon_meta'
[0.171s] Level 1:colcon.colcon_core.package_identification:_identify(Meshes) by extensions ['ros']
[0.171s] Level 1:colcon.colcon_core.package_identification:_identify(Meshes) by extension 'ros'
[0.171s] Level 1:colcon.colcon_core.package_identification:_identify(Meshes) by extensions ['cmake', 'python']
[0.171s] Level 1:colcon.colcon_core.package_identification:_identify(Meshes) by extension 'cmake'
[0.171s] Level 1:colcon.colcon_core.package_identification:_identify(Meshes) by extension 'python'
[0.171s] Level 1:colcon.colcon_core.package_identification:_identify(Meshes) by extensions ['python_setup_py']
[0.171s] Level 1:colcon.colcon_core.package_identification:_identify(Meshes) by extension 'python_setup_py'
[0.171s] Level 1:colcon.colcon_core.package_identification:_identify(Reference) by extensions ['ignore', 'ignore_ament_install']
[0.171s] Level 1:colcon.colcon_core.package_identification:_identify(Reference) by extension 'ignore'
[0.171s] Level 1:colcon.colcon_core.package_identification:_identify(Reference) by extension 'ignore_ament_install'
[0.171s] Level 1:colcon.colcon_core.package_identification:_identify(Reference) by extensions ['colcon_pkg']
[0.171s] Level 1:colcon.colcon_core.package_identification:_identify(Reference) by extension 'colcon_pkg'
[0.171s] Level 1:colcon.colcon_core.package_identification:_identify(Reference) by extensions ['colcon_meta']
[0.172s] Level 1:colcon.colcon_core.package_identification:_identify(Reference) by extension 'colcon_meta'
[0.172s] Level 1:colcon.colcon_core.package_identification:_identify(Reference) by extensions ['ros']
[0.172s] Level 1:colcon.colcon_core.package_identification:_identify(Reference) by extension 'ros'
[0.172s] Level 1:colcon.colcon_core.package_identification:_identify(Reference) by extensions ['cmake', 'python']
[0.172s] Level 1:colcon.colcon_core.package_identification:_identify(Reference) by extension 'cmake'
[0.172s] Level 1:colcon.colcon_core.package_identification:_identify(Reference) by extension 'python'
[0.172s] Level 1:colcon.colcon_core.package_identification:_identify(Reference) by extensions ['python_setup_py']
[0.172s] Level 1:colcon.colcon_core.package_identification:_identify(Reference) by extension 'python_setup_py'
[0.172s] Level 1:colcon.colcon_core.package_identification:_identify(build) by extensions ['ignore', 'ignore_ament_install']
[0.172s] Level 1:colcon.colcon_core.package_identification:_identify(build) by extension 'ignore'
[0.172s] Level 1:colcon.colcon_core.package_identification:_identify(build) ignored
[0.172s] Level 1:colcon.colcon_core.package_identification:_identify(install) by extensions ['ignore', 'ignore_ament_install']
[0.173s] Level 1:colcon.colcon_core.package_identification:_identify(install) by extension 'ignore'
[0.173s] Level 1:colcon.colcon_core.package_identification:_identify(install) ignored
[0.173s] Level 1:colcon.colcon_core.package_identification:_identify(log) by extensions ['ignore', 'ignore_ament_install']
[0.173s] Level 1:colcon.colcon_core.package_identification:_identify(log) by extension 'ignore'
[0.173s] Level 1:colcon.colcon_core.package_identification:_identify(log) ignored
[0.173s] Level 1:colcon.colcon_core.package_identification:_identify(ros2_ws) by extensions ['ignore', 'ignore_ament_install']
[0.173s] Level 1:colcon.colcon_core.package_identification:_identify(ros2_ws) by extension 'ignore'
[0.173s] Level 1:colcon.colcon_core.package_identification:_identify(ros2_ws) by extension 'ignore_ament_install'
[0.173s] Level 1:colcon.colcon_core.package_identification:_identify(ros2_ws) by extensions ['colcon_pkg']
[0.173s] Level 1:colcon.colcon_core.package_identification:_identify(ros2_ws) by extension 'colcon_pkg'
[0.173s] Level 1:colcon.colcon_core.package_identification:_identify(ros2_ws) by extensions ['colcon_meta']
[0.173s] Level 1:colcon.colcon_core.package_identification:_identify(ros2_ws) by extension 'colcon_meta'
[0.173s] Level 1:colcon.colcon_core.package_identification:_identify(ros2_ws) by extensions ['ros']
[0.173s] Level 1:colcon.colcon_core.package_identification:_identify(ros2_ws) by extension 'ros'
[0.173s] Level 1:colcon.colcon_core.package_identification:_identify(ros2_ws) by extensions ['cmake', 'python']
[0.173s] Level 1:colcon.colcon_core.package_identification:_identify(ros2_ws) by extension 'cmake'
[0.173s] Level 1:colcon.colcon_core.package_identification:_identify(ros2_ws) by extension 'python'
[0.173s] Level 1:colcon.colcon_core.package_identification:_identify(ros2_ws) by extensions ['python_setup_py']
[0.173s] Level 1:colcon.colcon_core.package_identification:_identify(ros2_ws) by extension 'python_setup_py'
[0.173s] Level 1:colcon.colcon_core.package_identification:_identify(ros2_ws/src) by extensions ['ignore', 'ignore_ament_install']
[0.174s] Level 1:colcon.colcon_core.package_identification:_identify(ros2_ws/src) by extension 'ignore'
[0.174s] Level 1:colcon.colcon_core.package_identification:_identify(ros2_ws/src) by extension 'ignore_ament_install'
[0.174s] Level 1:colcon.colcon_core.package_identification:_identify(ros2_ws/src) by extensions ['colcon_pkg']
[0.174s] Level 1:colcon.colcon_core.package_identification:_identify(ros2_ws/src) by extension 'colcon_pkg'
[0.174s] Level 1:colcon.colcon_core.package_identification:_identify(ros2_ws/src) by extensions ['colcon_meta']
[0.174s] Level 1:colcon.colcon_core.package_identification:_identify(ros2_ws/src) by extension 'colcon_meta'
[0.174s] Level 1:colcon.colcon_core.package_identification:_identify(ros2_ws/src) by extensions ['ros']
[0.174s] Level 1:colcon.colcon_core.package_identification:_identify(ros2_ws/src) by extension 'ros'
[0.174s] Level 1:colcon.colcon_core.package_identification:_identify(ros2_ws/src) by extensions ['cmake', 'python']
[0.174s] Level 1:colcon.colcon_core.package_identification:_identify(ros2_ws/src) by extension 'cmake'
[0.174s] Level 1:colcon.colcon_core.package_identification:_identify(ros2_ws/src) by extension 'python'
[0.174s] Level 1:colcon.colcon_core.package_identification:_identify(ros2_ws/src) by extensions ['python_setup_py']
[0.174s] Level 1:colcon.colcon_core.package_identification:_identify(ros2_ws/src) by extension 'python_setup_py'
[0.175s] Level 1:colcon.colcon_core.package_identification:_identify(ros2_ws/src/Robocup-Team1) by extensions ['ignore', 'ignore_ament_install']
[0.175s] Level 1:colcon.colcon_core.package_identification:_identify(ros2_ws/src/Robocup-Team1) by extension 'ignore'
[0.175s] Level 1:colcon.colcon_core.package_identification:_identify(ros2_ws/src/Robocup-Team1) by extension 'ignore_ament_install'
[0.175s] Level 1:colcon.colcon_core.package_identification:_identify(ros2_ws/src/Robocup-Team1) by extensions ['colcon_pkg']
[0.175s] Level 1:colcon.colcon_core.package_identification:_identify(ros2_ws/src/Robocup-Team1) by extension 'colcon_pkg'
[0.175s] Level 1:colcon.colcon_core.package_identification:_identify(ros2_ws/src/Robocup-Team1) by extensions ['colcon_meta']
[0.175s] Level 1:colcon.colcon_core.package_identification:_identify(ros2_ws/src/Robocup-Team1) by extension 'colcon_meta'
[0.175s] Level 1:colcon.colcon_core.package_identification:_identify(ros2_ws/src/Robocup-Team1) by extensions ['ros']
[0.175s] Level 1:colcon.colcon_core.package_identification:_identify(ros2_ws/src/Robocup-Team1) by extension 'ros'
[0.178s] DEBUG:colcon.colcon_core.package_identification:Package 'ros2_ws/src/Robocup-Team1' with type 'ros.ament_python' and name 'Robocup-Team1'
[0.178s] Level 1:colcon.colcon_core.package_identification:_identify(src) by extensions ['ignore', 'ignore_ament_install']
[0.178s] Level 1:colcon.colcon_core.package_identification:_identify(src) by extension 'ignore'
[0.179s] Level 1:colcon.colcon_core.package_identification:_identify(src) by extension 'ignore_ament_install'
[0.179s] Level 1:colcon.colcon_core.package_identification:_identify(src) by extensions ['colcon_pkg']
[0.179s] Level 1:colcon.colcon_core.package_identification:_identify(src) by extension 'colcon_pkg'
[0.179s] Level 1:colcon.colcon_core.package_identification:_identify(src) by extensions ['colcon_meta']
[0.179s] Level 1:colcon.colcon_core.package_identification:_identify(src) by extension 'colcon_meta'
[0.179s] Level 1:colcon.colcon_core.package_identification:_identify(src) by extensions ['ros']
[0.179s] Level 1:colcon.colcon_core.package_identification:_identify(src) by extension 'ros'
[0.179s] Level 1:colcon.colcon_core.package_identification:_identify(src) by extensions ['cmake', 'python']
[0.179s] Level 1:colcon.colcon_core.package_identification:_identify(src) by extension 'cmake'
[0.179s] Level 1:colcon.colcon_core.package_identification:_identify(src) by extension 'python'
[0.179s] Level 1:colcon.colcon_core.package_identification:_identify(src) by extensions ['python_setup_py']
[0.179s] Level 1:colcon.colcon_core.package_identification:_identify(src) by extension 'python_setup_py'
[0.179s] Level 1:colcon.colcon_core.package_identification:_identify(src/my_package) by extensions ['ignore', 'ignore_ament_install']
[0.179s] Level 1:colcon.colcon_core.package_identification:_identify(src/my_package) by extension 'ignore'
[0.179s] Level 1:colcon.colcon_core.package_identification:_identify(src/my_package) by extension 'ignore_ament_install'
[0.179s] Level 1:colcon.colcon_core.package_identification:_identify(src/my_package) by extensions ['colcon_pkg']
[0.179s] Level 1:colcon.colcon_core.package_identification:_identify(src/my_package) by extension 'colcon_pkg'
[0.179s] Level 1:colcon.colcon_core.package_identification:_identify(src/my_package) by extensions ['colcon_meta']
[0.179s] Level 1:colcon.colcon_core.package_identification:_identify(src/my_package) by extension 'colcon_meta'
[0.179s] Level 1:colcon.colcon_core.package_identification:_identify(src/my_package) by extensions ['ros']
[0.179s] Level 1:colcon.colcon_core.package_identification:_identify(src/my_package) by extension 'ros'
[0.180s] DEBUG:colcon.colcon_core.package_identification:Package 'src/my_package' with type 'ros.ament_python' and name 'my_package'
[0.180s] Level 1:colcon.colcon_core.package_discovery:discover_packages(recursive) using defaults
[0.180s] Level 1:colcon.colcon_core.package_discovery:discover_packages(ignore) discover
[0.180s] Level 1:colcon.colcon_core.package_discovery:discover_packages(ignore) using defaults
[0.180s] Level 1:colcon.colcon_core.package_discovery:discover_packages(path) discover
[0.180s] Level 1:colcon.colcon_core.package_discovery:discover_packages(path) using defaults
[0.206s] Level 1:colcon.colcon_core.package_discovery:discover_packages(prefix_path) check parameters
[0.206s] Level 1:colcon.colcon_core.package_discovery:discover_packages(prefix_path) discover
[0.209s] DEBUG:colcon.colcon_installed_package_information.package_discovery:Found 318 installed packages in /opt/ros/foxy
[0.211s] Level 1:colcon.colcon_core.package_discovery:discover_packages(prefix_path) using defaults
[0.291s] Level 5:colcon.colcon_core.verb:set package 'Robocup-Team1' build argument 'cmake_args' from command line to 'None'
[0.291s] Level 5:colcon.colcon_core.verb:set package 'Robocup-Team1' build argument 'cmake_target' from command line to 'None'
[0.291s] Level 5:colcon.colcon_core.verb:set package 'Robocup-Team1' build argument 'cmake_target_skip_unavailable' from command line to 'False'
[0.291s] Level 5:colcon.colcon_core.verb:set package 'Robocup-Team1' build argument 'cmake_clean_cache' from command line to 'False'
[0.291s] Level 5:colcon.colcon_core.verb:set package 'Robocup-Team1' build argument 'cmake_clean_first' from command line to 'False'
[0.291s] Level 5:colcon.colcon_core.verb:set package 'Robocup-Team1' build argument 'cmake_force_configure' from command line to 'False'
[0.291s] Level 5:colcon.colcon_core.verb:set package 'Robocup-Team1' build argument 'ament_cmake_args' from command line to 'None'
[0.291s] Level 5:colcon.colcon_core.verb:set package 'Robocup-Team1' build argument 'catkin_cmake_args' from command line to 'None'
[0.291s] Level 5:colcon.colcon_core.verb:set package 'Robocup-Team1' build argument 'catkin_skip_building_tests' from command line to 'False'
[0.291s] DEBUG:colcon.colcon_core.verb:Building package 'Robocup-Team1' with the following arguments: {'ament_cmake_args': None, 'build_base': '/home/oscell/Documents/GitHub/Robotics-team-design/build/Robocup-Team1', 'catkin_cmake_args': None, 'catkin_skip_building_tests': False, 'cmake_args': None, 'cmake_clean_cache': False, 'cmake_clean_first': False, 'cmake_force_configure': False, 'cmake_target': None, 'cmake_target_skip_unavailable': False, 'install_base': '/home/oscell/Documents/GitHub/Robotics-team-design/install/Robocup-Team1', 'merge_install': False, 'path': '/home/oscell/Documents/GitHub/Robotics-team-design/ros2_ws/src/Robocup-Team1', 'symlink_install': False, 'test_result_base': None}
[0.292s] Level 5:colcon.colcon_core.verb:set package 'my_package' build argument 'cmake_args' from command line to 'None'
[0.292s] Level 5:colcon.colcon_core.verb:set package 'my_package' build argument 'cmake_target' from command line to 'None'
[0.292s] Level 5:colcon.colcon_core.verb:set package 'my_package' build argument 'cmake_target_skip_unavailable' from command line to 'False'
[0.292s] Level 5:colcon.colcon_core.verb:set package 'my_package' build argument 'cmake_clean_cache' from command line to 'False'
[0.292s] Level 5:colcon.colcon_core.verb:set package 'my_package' build argument 'cmake_clean_first' from command line to 'False'
[0.292s] Level 5:colcon.colcon_core.verb:set package 'my_package' build argument 'cmake_force_configure' from command line to 'False'
[0.292s] Level 5:colcon.colcon_core.verb:set package 'my_package' build argument 'ament_cmake_args' from command line to 'None'
[0.292s] Level 5:colcon.colcon_core.verb:set package 'my_package' build argument 'catkin_cmake_args' from command line to 'None'
[0.292s] Level 5:colcon.colcon_core.verb:set package 'my_package' build argument 'catkin_skip_building_tests' from command line to 'False'
[0.292s] DEBUG:colcon.colcon_core.verb:Building package 'my_package' with the following arguments: {'ament_cmake_args': None, 'build_base': '/home/oscell/Documents/GitHub/Robotics-team-design/build/my_package', 'catkin_cmake_args': None, 'catkin_skip_building_tests': False, 'cmake_args': None, 'cmake_clean_cache': False, 'cmake_clean_first': False, 'cmake_force_configure': False, 'cmake_target': None, 'cmake_target_skip_unavailable': False, 'install_base': '/home/oscell/Documents/GitHub/Robotics-team-design/install/my_package', 'merge_install': False, 'path': '/home/oscell/Documents/GitHub/Robotics-team-design/src/my_package', 'symlink_install': False, 'test_result_base': None}
[0.293s] INFO:colcon.colcon_core.executor:Executing jobs using 'parallel' executor
[0.297s] DEBUG:colcon.colcon_parallel_executor.executor.parallel:run_until_complete
[0.297s] INFO:colcon.colcon_ros.task.ament_python.build:Building ROS package in '/home/oscell/Documents/GitHub/Robotics-team-design/ros2_ws/src/Robocup-Team1' with build type 'ament_python'
[0.297s] Level 1:colcon.colcon_core.shell:create_environment_hook('Robocup-Team1', 'ament_prefix_path')
[0.302s] INFO:colcon.colcon_core.plugin_system:Skipping extension 'colcon_core.shell.bat': Not used on non-Windows systems
[0.303s] INFO:colcon.colcon_core.shell:Creating environment hook '/home/oscell/Documents/GitHub/Robotics-team-design/install/Robocup-Team1/share/Robocup-Team1/hook/ament_prefix_path.ps1'
[0.304s] INFO:colcon.colcon_core.shell:Creating environment descriptor '/home/oscell/Documents/GitHub/Robotics-team-design/install/Robocup-Team1/share/Robocup-Team1/hook/ament_prefix_path.dsv'
[0.304s] INFO:colcon.colcon_core.shell:Creating environment hook '/home/oscell/Documents/GitHub/Robotics-team-design/install/Robocup-Team1/share/Robocup-Team1/hook/ament_prefix_path.sh'
[0.306s] INFO:colcon.colcon_core.shell:Skip shell extension 'powershell' for command environment: Not usable outside of PowerShell
[0.306s] DEBUG:colcon.colcon_core.shell:Skip shell extension 'dsv' for command environment
[0.312s] INFO:colcon.colcon_ros.task.ament_python.build:Building ROS package in '/home/oscell/Documents/GitHub/Robotics-team-design/src/my_package' with build type 'ament_python'
[0.312s] Level 1:colcon.colcon_core.shell:create_environment_hook('my_package', 'ament_prefix_path')
[0.314s] INFO:colcon.colcon_core.shell:Creating environment hook '/home/oscell/Documents/GitHub/Robotics-team-design/install/my_package/share/my_package/hook/ament_prefix_path.ps1'
[0.316s] INFO:colcon.colcon_core.shell:Creating environment descriptor '/home/oscell/Documents/GitHub/Robotics-team-design/install/my_package/share/my_package/hook/ament_prefix_path.dsv'
[0.316s] INFO:colcon.colcon_core.shell:Creating environment hook '/home/oscell/Documents/GitHub/Robotics-team-design/install/my_package/share/my_package/hook/ament_prefix_path.sh'
[0.318s] INFO:colcon.colcon_core.shell:Skip shell extension 'powershell' for command environment: Not usable outside of PowerShell
[0.318s] DEBUG:colcon.colcon_core.shell:Skip shell extension 'dsv' for command environment
[0.558s] INFO:colcon.colcon_core.task.python.build:Building Python package in '/home/oscell/Documents/GitHub/Robotics-team-design/ros2_ws/src/Robocup-Team1'
[0.559s] INFO:colcon.colcon_core.shell:Skip shell extension 'powershell' for command environment: Not usable outside of PowerShell
[0.559s] DEBUG:colcon.colcon_core.shell:Skip shell extension 'dsv' for command environment
[0.781s] INFO:colcon.colcon_core.task.python.build:Building Python package in '/home/oscell/Documents/GitHub/Robotics-team-design/src/my_package'
[0.782s] INFO:colcon.colcon_core.shell:Skip shell extension 'powershell' for command environment: Not usable outside of PowerShell
[0.782s] DEBUG:colcon.colcon_core.shell:Skip shell extension 'dsv' for command environment
[1.184s] DEBUG:colcon.colcon_core.event_handler.log_command:Invoking command in '/home/oscell/Documents/GitHub/Robotics-team-design/src/my_package': PYTHONPATH=/home/oscell/Documents/GitHub/Robotics-team-design/build/my_package/prefix_override:/home/oscell/Documents/GitHub/Robotics-team-design/install/my_package/lib/python3.8/site-packages:${PYTHONPATH} /usr/bin/python3 setup.py egg_info --egg-base ../../build/my_package build --build-base /home/oscell/Documents/GitHub/Robotics-team-design/build/my_package/build install --record /home/oscell/Documents/GitHub/Robotics-team-design/build/my_package/install.log --install-scripts $base/lib/my_package --single-version-externally-managed
[1.199s] DEBUG:colcon.colcon_core.event_handler.log_command:Invoking command in '/home/oscell/Documents/GitHub/Robotics-team-design/ros2_ws/src/Robocup-Team1': PYTHONPATH=/home/oscell/Documents/GitHub/Robotics-team-design/build/Robocup-Team1/prefix_override:/home/oscell/Documents/GitHub/Robotics-team-design/install/Robocup-Team1/lib/python3.8/site-packages:${PYTHONPATH} /usr/bin/python3 setup.py egg_info --egg-base ../../../build/Robocup-Team1 build --build-base /home/oscell/Documents/GitHub/Robotics-team-design/build/Robocup-Team1/build install --record /home/oscell/Documents/GitHub/Robotics-team-design/build/Robocup-Team1/install.log --single-version-externally-managed
[1.506s] DEBUG:colcon.colcon_core.event_handler.log_command:Invoked command in '/home/oscell/Documents/GitHub/Robotics-team-design/src/my_package' returned '0': PYTHONPATH=/home/oscell/Documents/GitHub/Robotics-team-design/build/my_package/prefix_override:/home/oscell/Documents/GitHub/Robotics-team-design/install/my_package/lib/python3.8/site-packages:${PYTHONPATH} /usr/bin/python3 setup.py egg_info --egg-base ../../build/my_package build --build-base /home/oscell/Documents/GitHub/Robotics-team-design/build/my_package/build install --record /home/oscell/Documents/GitHub/Robotics-team-design/build/my_package/install.log --install-scripts $base/lib/my_package --single-version-externally-managed
[1.509s] Level 1:colcon.colcon_core.environment:checking '/home/oscell/Documents/GitHub/Robotics-team-design/install/my_package' for CMake module files
[1.510s] Level 1:colcon.colcon_core.environment:checking '/home/oscell/Documents/GitHub/Robotics-team-design/install/my_package' for CMake config files
[1.511s] Level 1:colcon.colcon_core.environment:checking '/home/oscell/Documents/GitHub/Robotics-team-design/install/my_package/lib'
[1.512s] Level 1:colcon.colcon_core.environment:checking '/home/oscell/Documents/GitHub/Robotics-team-design/install/my_package/bin'
[1.512s] Level 1:colcon.colcon_core.environment:checking '/home/oscell/Documents/GitHub/Robotics-team-design/install/my_package/lib/pkgconfig/my_package.pc'
[1.513s] Level 1:colcon.colcon_core.environment:checking '/home/oscell/Documents/GitHub/Robotics-team-design/install/my_package/lib/python3.8/site-packages'
[1.513s] Level 1:colcon.colcon_core.shell:create_environment_hook('my_package', 'pythonpath')
[1.514s] INFO:colcon.colcon_core.shell:Creating environment hook '/home/oscell/Documents/GitHub/Robotics-team-design/install/my_package/share/my_package/hook/pythonpath.ps1'
[1.515s] INFO:colcon.colcon_core.shell:Creating environment descriptor '/home/oscell/Documents/GitHub/Robotics-team-design/install/my_package/share/my_package/hook/pythonpath.dsv'
[1.515s] INFO:colcon.colcon_core.shell:Creating environment hook '/home/oscell/Documents/GitHub/Robotics-team-design/install/my_package/share/my_package/hook/pythonpath.sh'
[1.516s] Level 1:colcon.colcon_core.environment:checking '/home/oscell/Documents/GitHub/Robotics-team-design/install/my_package/bin'
[1.516s] Level 1:colcon.colcon_core.environment:create_environment_scripts_only(my_package)
[1.517s] INFO:colcon.colcon_core.shell:Creating package script '/home/oscell/Documents/GitHub/Robotics-team-design/install/my_package/share/my_package/package.ps1'
[1.518s] INFO:colcon.colcon_core.shell:Creating package descriptor '/home/oscell/Documents/GitHub/Robotics-team-design/install/my_package/share/my_package/package.dsv'
[1.519s] INFO:colcon.colcon_core.shell:Creating package script '/home/oscell/Documents/GitHub/Robotics-team-design/install/my_package/share/my_package/package.sh'
[1.520s] INFO:colcon.colcon_core.shell:Creating package script '/home/oscell/Documents/GitHub/Robotics-team-design/install/my_package/share/my_package/package.bash'
[1.521s] INFO:colcon.colcon_core.shell:Creating package script '/home/oscell/Documents/GitHub/Robotics-team-design/install/my_package/share/my_package/package.zsh'
[1.521s] Level 1:colcon.colcon_core.environment:create_file_with_runtime_dependencies(/home/oscell/Documents/GitHub/Robotics-team-design/install/my_package/share/colcon-core/packages/my_package)
[1.526s] Level 1:colcon.colcon_core.environment:checking '/home/oscell/Documents/GitHub/Robotics-team-design/install/Robocup-Team1' for CMake module files
[1.526s] Level 1:colcon.colcon_core.environment:checking '/home/oscell/Documents/GitHub/Robotics-team-design/install/Robocup-Team1' for CMake config files
[1.526s] Level 1:colcon.colcon_core.environment:checking '/home/oscell/Documents/GitHub/Robotics-team-design/install/Robocup-Team1/lib'
[1.526s] Level 1:colcon.colcon_core.environment:checking '/home/oscell/Documents/GitHub/Robotics-team-design/install/Robocup-Team1/bin'
[1.527s] Level 1:colcon.colcon_core.environment:checking '/home/oscell/Documents/GitHub/Robotics-team-design/install/Robocup-Team1/lib/pkgconfig/Robocup-Team1.pc'
[1.530s] Level 1:colcon.colcon_core.environment:checking '/home/oscell/Documents/GitHub/Robotics-team-design/install/Robocup-Team1/lib/python3.8/site-packages'
[1.530s] Level 1:colcon.colcon_core.shell:create_environment_hook('Robocup-Team1', 'pythonpath')
[1.533s] INFO:colcon.colcon_core.shell:Creating environment hook '/home/oscell/Documents/GitHub/Robotics-team-design/install/Robocup-Team1/share/Robocup-Team1/hook/pythonpath.ps1'
[1.534s] INFO:colcon.colcon_core.shell:Creating environment descriptor '/home/oscell/Documents/GitHub/Robotics-team-design/install/Robocup-Team1/share/Robocup-Team1/hook/pythonpath.dsv'
[1.535s] INFO:colcon.colcon_core.shell:Creating environment hook '/home/oscell/Documents/GitHub/Robotics-team-design/install/Robocup-Team1/share/Robocup-Team1/hook/pythonpath.sh'
[1.536s] Level 1:colcon.colcon_core.environment:checking '/home/oscell/Documents/GitHub/Robotics-team-design/install/Robocup-Team1/bin'
[1.536s] Level 1:colcon.colcon_core.environment:create_environment_scripts_only(Robocup-Team1)
[1.538s] INFO:colcon.colcon_core.shell:Creating package script '/home/oscell/Documents/GitHub/Robotics-team-design/install/Robocup-Team1/share/Robocup-Team1/package.ps1'
[1.539s] DEBUG:colcon.colcon_core.event_handler.log_command:Invoked command in '/home/oscell/Documents/GitHub/Robotics-team-design/ros2_ws/src/Robocup-Team1' returned '0': PYTHONPATH=/home/oscell/Documents/GitHub/Robotics-team-design/build/Robocup-Team1/prefix_override:/home/oscell/Documents/GitHub/Robotics-team-design/install/Robocup-Team1/lib/python3.8/site-packages:${PYTHONPATH} /usr/bin/python3 setup.py egg_info --egg-base ../../../build/Robocup-Team1 build --build-base /home/oscell/Documents/GitHub/Robotics-team-design/build/Robocup-Team1/build install --record /home/oscell/Documents/GitHub/Robotics-team-design/build/Robocup-Team1/install.log --single-version-externally-managed
[1.540s] INFO:colcon.colcon_core.shell:Creating package descriptor '/home/oscell/Documents/GitHub/Robotics-team-design/install/Robocup-Team1/share/Robocup-Team1/package.dsv'
[1.540s] INFO:colcon.colcon_core.shell:Creating package script '/home/oscell/Documents/GitHub/Robotics-team-design/install/Robocup-Team1/share/Robocup-Team1/package.sh'
[1.540s] INFO:colcon.colcon_core.shell:Creating package script '/home/oscell/Documents/GitHub/Robotics-team-design/install/Robocup-Team1/share/Robocup-Team1/package.bash'
[1.541s] INFO:colcon.colcon_core.shell:Creating package script '/home/oscell/Documents/GitHub/Robotics-team-design/install/Robocup-Team1/share/Robocup-Team1/package.zsh'
[1.541s] Level 1:colcon.colcon_core.environment:create_file_with_runtime_dependencies(/home/oscell/Documents/GitHub/Robotics-team-design/install/Robocup-Team1/share/colcon-core/packages/Robocup-Team1)
[1.541s] DEBUG:colcon.colcon_parallel_executor.executor.parallel:closing loop
[1.542s] DEBUG:colcon.colcon_parallel_executor.executor.parallel:loop closed
[1.542s] DEBUG:colcon.colcon_parallel_executor.executor.parallel:run_until_complete finished with '0'
[1.542s] DEBUG:colcon.colcon_core.event_reactor:joining thread
[1.551s] INFO:colcon.colcon_core.plugin_system:Skipping extension 'colcon_notification.desktop_notification.terminal_notifier': Not used on non-Darwin systems
[1.551s] INFO:colcon.colcon_core.plugin_system:Skipping extension 'colcon_notification.desktop_notification.win32': Not used on non-Windows systems
[1.551s] INFO:colcon.colcon_notification.desktop_notification:Sending desktop notification using 'notify2'
[1.585s] DEBUG:colcon.colcon_core.event_reactor:joined thread
[1.586s] INFO:colcon.colcon_core.shell:Creating prefix script '/home/oscell/Documents/GitHub/Robotics-team-design/install/local_setup.ps1'
[1.588s] INFO:colcon.colcon_core.shell:Creating prefix util module '/home/oscell/Documents/GitHub/Robotics-team-design/install/_local_setup_util_ps1.py'
[1.589s] INFO:colcon.colcon_core.shell:Creating prefix chain script '/home/oscell/Documents/GitHub/Robotics-team-design/install/setup.ps1'
[1.591s] INFO:colcon.colcon_core.shell:Creating prefix script '/home/oscell/Documents/GitHub/Robotics-team-design/install/local_setup.sh'
[1.593s] INFO:colcon.colcon_core.shell:Creating prefix util module '/home/oscell/Documents/GitHub/Robotics-team-design/install/_local_setup_util_sh.py'
[1.593s] INFO:colcon.colcon_core.shell:Creating prefix chain script '/home/oscell/Documents/GitHub/Robotics-team-design/install/setup.sh'
[1.595s] INFO:colcon.colcon_core.shell:Creating prefix script '/home/oscell/Documents/GitHub/Robotics-team-design/install/local_setup.bash'
[1.595s] INFO:colcon.colcon_core.shell:Creating prefix chain script '/home/oscell/Documents/GitHub/Robotics-team-design/install/setup.bash'
[1.597s] INFO:colcon.colcon_core.shell:Creating prefix script '/home/oscell/Documents/GitHub/Robotics-team-design/install/local_setup.zsh'
[1.597s] INFO:colcon.colcon_core.shell:Creating prefix chain script '/home/oscell/Documents/GitHub/Robotics-team-design/install/setup.zsh'
