running egg_info
creating ../../../build/Robocup-Team1/Robocup_Team1.egg-info
writing ../../../build/Robocup-Team1/Robocup_Team1.egg-info/PKG-INFO
writing dependency_links to ../../../build/Robocup-Team1/Robocup_Team1.egg-info/dependency_links.txt
writing entry points to ../../../build/Robocup-Team1/Robocup_Team1.egg-info/entry_points.txt
writing requirements to ../../../build/Robocup-Team1/Robocup_Team1.egg-info/requires.txt
writing top-level names to ../../../build/Robocup-Team1/Robocup_Team1.egg-info/top_level.txt
writing manifest file '../../../build/Robocup-Team1/Robocup_Team1.egg-info/SOURCES.txt'
reading manifest file '../../../build/Robocup-Team1/Robocup_Team1.egg-info/SOURCES.txt'
writing manifest file '../../../build/Robocup-Team1/Robocup_Team1.egg-info/SOURCES.txt'
running build
running build_py
creating /home/oscell/Documents/GitHub/Robotics-team-design/build/Robocup-Team1/build
creating /home/oscell/Documents/GitHub/Robotics-team-design/build/Robocup-Team1/build/lib
creating /home/oscell/Documents/GitHub/Robotics-team-design/build/Robocup-Team1/build/lib/Robocup-Team1
copying Robocup-Team1/__init__.py -> /home/oscell/Documents/GitHub/Robotics-team-design/build/Robocup-Team1/build/lib/Robocup-Team1
running install
running install_lib
creating /home/oscell/Documents/GitHub/Robotics-team-design/install/Robocup-Team1/lib/python3.8/site-packages/Robocup-Team1
copying /home/oscell/Documents/GitHub/Robotics-team-design/build/Robocup-Team1/build/lib/Robocup-Team1/__init__.py -> /home/oscell/Documents/GitHub/Robotics-team-design/install/Robocup-Team1/lib/python3.8/site-packages/Robocup-Team1
byte-compiling /home/oscell/Documents/GitHub/Robotics-team-design/install/Robocup-Team1/lib/python3.8/site-packages/Robocup-Team1/__init__.py to __init__.cpython-38.pyc
running install_data
creating /home/oscell/Documents/GitHub/Robotics-team-design/install/Robocup-Team1/share/ament_index
creating /home/oscell/Documents/GitHub/Robotics-team-design/install/Robocup-Team1/share/ament_index/resource_index
creating /home/oscell/Documents/GitHub/Robotics-team-design/install/Robocup-Team1/share/ament_index/resource_index/packages
copying resource/Robocup-Team1 -> /home/oscell/Documents/GitHub/Robotics-team-design/install/Robocup-Team1/share/ament_index/resource_index/packages
copying package.xml -> /home/oscell/Documents/GitHub/Robotics-team-design/install/Robocup-Team1/share/Robocup-Team1
running install_egg_info
Copying ../../../build/Robocup-Team1/Robocup_Team1.egg-info to /home/oscell/Documents/GitHub/Robotics-team-design/install/Robocup-Team1/lib/python3.8/site-packages/Robocup_Team1-0.0.0-py3.8.egg-info
running install_scripts
writing list of installed files to '/home/oscell/Documents/GitHub/Robotics-team-design/build/Robocup-Team1/install.log'
