[0.650s] Invoking command in '/home/oscell/Documents/GitHub/Robotics-team-design/src/my_package': PYTHONPATH=/home/oscell/Documents/GitHub/Robotics-team-design/build/my_package/prefix_override:/home/oscell/Documents/GitHub/Robotics-team-design/install/my_package/lib/python3.8/site-packages:${PYTHONPATH} /usr/bin/python3 setup.py egg_info --egg-base ../../build/my_package build --build-base /home/oscell/Documents/GitHub/Robotics-team-design/build/my_package/build install --record /home/oscell/Documents/GitHub/Robotics-team-design/build/my_package/install.log --install-scripts $base/lib/my_package --single-version-externally-managed
[0.879s] running egg_info
[0.880s] creating ../../build/my_package/my_package.egg-info
[0.880s] writing ../../build/my_package/my_package.egg-info/PKG-INFO
[0.881s] writing dependency_links to ../../build/my_package/my_package.egg-info/dependency_links.txt
[0.881s] writing entry points to ../../build/my_package/my_package.egg-info/entry_points.txt
[0.882s] writing requirements to ../../build/my_package/my_package.egg-info/requires.txt
[0.882s] writing top-level names to ../../build/my_package/my_package.egg-info/top_level.txt
[0.883s] writing manifest file '../../build/my_package/my_package.egg-info/SOURCES.txt'
[0.914s] reading manifest file '../../build/my_package/my_package.egg-info/SOURCES.txt'
[0.916s] writing manifest file '../../build/my_package/my_package.egg-info/SOURCES.txt'
[0.917s] running build
[0.917s] running build_py
[0.918s] creating /home/oscell/Documents/GitHub/Robotics-team-design/build/my_package/build
[0.918s] creating /home/oscell/Documents/GitHub/Robotics-team-design/build/my_package/build/lib
[0.918s] creating /home/oscell/Documents/GitHub/Robotics-team-design/build/my_package/build/lib/my_package
[0.919s] copying my_package/__init__.py -> /home/oscell/Documents/GitHub/Robotics-team-design/build/my_package/build/lib/my_package
[0.920s] copying my_package/my_robot_driver.py -> /home/oscell/Documents/GitHub/Robotics-team-design/build/my_package/build/lib/my_package
[0.920s] running install
[0.922s] running install_lib
[0.923s] creating /home/oscell/Documents/GitHub/Robotics-team-design/install/my_package/lib/python3.8/site-packages/my_package
[0.924s] copying /home/oscell/Documents/GitHub/Robotics-team-design/build/my_package/build/lib/my_package/__init__.py -> /home/oscell/Documents/GitHub/Robotics-team-design/install/my_package/lib/python3.8/site-packages/my_package
[0.924s] copying /home/oscell/Documents/GitHub/Robotics-team-design/build/my_package/build/lib/my_package/my_robot_driver.py -> /home/oscell/Documents/GitHub/Robotics-team-design/install/my_package/lib/python3.8/site-packages/my_package
[0.924s] byte-compiling /home/oscell/Documents/GitHub/Robotics-team-design/install/my_package/lib/python3.8/site-packages/my_package/__init__.py to __init__.cpython-38.pyc
[0.925s] byte-compiling /home/oscell/Documents/GitHub/Robotics-team-design/install/my_package/lib/python3.8/site-packages/my_package/my_robot_driver.py to my_robot_driver.cpython-38.pyc
[0.926s] running install_data
[0.927s] creating /home/oscell/Documents/GitHub/Robotics-team-design/install/my_package/share/ament_index
[0.928s] creating /home/oscell/Documents/GitHub/Robotics-team-design/install/my_package/share/ament_index/resource_index
[0.928s] creating /home/oscell/Documents/GitHub/Robotics-team-design/install/my_package/share/ament_index/resource_index/packages
[0.929s] copying resource/my_package -> /home/oscell/Documents/GitHub/Robotics-team-design/install/my_package/share/ament_index/resource_index/packages
[0.929s] creating /home/oscell/Documents/GitHub/Robotics-team-design/install/my_package/share/my_package/launch
[0.929s] copying launch/robot_launch.py -> /home/oscell/Documents/GitHub/Robotics-team-design/install/my_package/share/my_package/launch
[0.929s] creating /home/oscell/Documents/GitHub/Robotics-team-design/install/my_package/share/my_package/worlds
[0.929s] copying worlds/Football.wbt -> /home/oscell/Documents/GitHub/Robotics-team-design/install/my_package/share/my_package/worlds
[0.930s] creating /home/oscell/Documents/GitHub/Robotics-team-design/install/my_package/share/my_package/resource
[0.930s] copying resource/my_robot.urdf -> /home/oscell/Documents/GitHub/Robotics-team-design/install/my_package/share/my_package/resource
[0.930s] copying resource/Pitch_texture.png -> /home/oscell/Documents/GitHub/Robotics-team-design/install/my_package/share/my_package/resource
[0.930s] copying package.xml -> /home/oscell/Documents/GitHub/Robotics-team-design/install/my_package/share/my_package
[0.930s] running install_egg_info
[0.932s] Copying ../../build/my_package/my_package.egg-info to /home/oscell/Documents/GitHub/Robotics-team-design/install/my_package/lib/python3.8/site-packages/my_package-0.0.0-py3.8.egg-info
[0.932s] running install_scripts
[0.949s] Installing my_robot_driver script to /home/oscell/Documents/GitHub/Robotics-team-design/install/my_package/lib/my_package
[0.949s] writing list of installed files to '/home/oscell/Documents/GitHub/Robotics-team-design/build/my_package/install.log'
[0.980s] Invoked command in '/home/oscell/Documents/GitHub/Robotics-team-design/src/my_package' returned '0': PYTHONPATH=/home/oscell/Documents/GitHub/Robotics-team-design/build/my_package/prefix_override:/home/oscell/Documents/GitHub/Robotics-team-design/install/my_package/lib/python3.8/site-packages:${PYTHONPATH} /usr/bin/python3 setup.py egg_info --egg-base ../../build/my_package build --build-base /home/oscell/Documents/GitHub/Robotics-team-design/build/my_package/build install --record /home/oscell/Documents/GitHub/Robotics-team-design/build/my_package/install.log --install-scripts $base/lib/my_package --single-version-externally-managed
